2012-03-03 14:57:22 Error: [MissingControllerException] Controller class FocosController could not be found.
#0 /opt/lampp/htdocs/practicas/webroot/index.php(98): Dispatcher->dispatch(Object(CakeRequest), Object(CakeResponse))
#1 {main}
2012-03-03 15:01:31 Error: [MissingControllerException] Controller class FocosController could not be found.
#0 /opt/lampp/htdocs/practicas/webroot/index.php(98): Dispatcher->dispatch(Object(CakeRequest), Object(CakeResponse))
#1 {main}
2012-03-03 15:06:22 Error: [MissingControllerException] Controller class FocosController could not be found.
#0 /opt/lampp/htdocs/practicas/webroot/index.php(98): Dispatcher->dispatch(Object(CakeRequest), Object(CakeResponse))
#1 {main}
2012-03-03 15:06:25 Error: [MissingControllerException] Controller class FocosController could not be found.
#0 /opt/lampp/htdocs/practicas/webroot/index.php(98): Dispatcher->dispatch(Object(CakeRequest), Object(CakeResponse))
#1 {main}
2012-03-10 11:52:20 Error: [MissingViewException] View file "/opt/lampp/htdocs/practicas/View/Alumnos/hola.ctp" is missing.
#0 /opt/cakes/2.0/lib/Cake/View/View.php(360): View->_getViewFileName(NULL)
#1 /opt/cakes/2.0/lib/Cake/Controller/Controller.php(900): View->render(NULL, NULL)
#2 /opt/cakes/2.0/lib/Cake/Routing/Dispatcher.php(111): Controller->render()
#3 /opt/cakes/2.0/lib/Cake/Routing/Dispatcher.php(86): Dispatcher->_invoke(Object(AlumnosController), Object(CakeRequest), Object(CakeResponse))
#4 /opt/lampp/htdocs/practicas/webroot/index.php(98): Dispatcher->dispatch(Object(CakeRequest), Object(CakeResponse))
#5 {main}
2012-03-23 18:18:53 Error: [MissingControllerException] Controller class AlumnosFocosController could not be found.
#0 /opt/lampp/htdocs/practicas/webroot/index.php(98): Dispatcher->dispatch(Object(CakeRequest), Object(CakeResponse))
#1 {main}
2012-03-23 18:19:16 Error: [MissingControllerException] Controller class AlumnosFocosController could not be found.
#0 /opt/lampp/htdocs/practicas/webroot/index.php(98): Dispatcher->dispatch(Object(CakeRequest), Object(CakeResponse))
#1 {main}
2012-03-23 18:19:33 Error: [MissingControllerException] Controller class AlumnosFocosController could not be found.
#0 /opt/lampp/htdocs/practicas/webroot/index.php(98): Dispatcher->dispatch(Object(CakeRequest), Object(CakeResponse))
#1 {main}
2012-03-23 18:21:25 Error: [MissingControllerException] Controller class AlumnosFocosController could not be found.
#0 /opt/lampp/htdocs/practicas/webroot/index.php(98): Dispatcher->dispatch(Object(CakeRequest), Object(CakeResponse))
#1 {main}
2012-03-23 18:29:23 Error: [MissingControllerException] Controller class AlumnosFocosController could not be found.
#0 /opt/lampp/htdocs/practicas/webroot/index.php(98): Dispatcher->dispatch(Object(CakeRequest), Object(CakeResponse))
#1 {main}
2012-03-23 18:31:19 Error: [MissingActionException] Action AlumnosController::alumnos() could not be found.
#0 /opt/cakes/2.0/lib/Cake/Routing/Dispatcher.php(104): Controller->invokeAction(Object(CakeRequest))
#1 /opt/cakes/2.0/lib/Cake/Routing/Dispatcher.php(86): Dispatcher->_invoke(Object(AlumnosController), Object(CakeRequest), Object(CakeResponse))
#2 /opt/lampp/htdocs/practicas/webroot/index.php(98): Dispatcher->dispatch(Object(CakeRequest), Object(CakeResponse))
#3 {main}
2012-03-23 18:48:37 Error: [MissingActionException] Action AlumnosController::alumnos() could not be found.
#0 /opt/cakes/2.0/lib/Cake/Routing/Dispatcher.php(104): Controller->invokeAction(Object(CakeRequest))
#1 /opt/cakes/2.0/lib/Cake/Routing/Dispatcher.php(86): Dispatcher->_invoke(Object(AlumnosController), Object(CakeRequest), Object(CakeResponse))
#2 /opt/lampp/htdocs/practicas/webroot/index.php(98): Dispatcher->dispatch(Object(CakeRequest), Object(CakeResponse))
#3 {main}
2012-03-23 18:49:06 Error: [MissingControllerException] Controller class AlumnosFocosController could not be found.
#0 /opt/lampp/htdocs/practicas/webroot/index.php(98): Dispatcher->dispatch(Object(CakeRequest), Object(CakeResponse))
#1 {main}
2012-03-23 18:49:40 Error: [MissingControllerException] Controller class OferController could not be found.
#0 /opt/lampp/htdocs/practicas/webroot/index.php(98): Dispatcher->dispatch(Object(CakeRequest), Object(CakeResponse))
#1 {main}
2012-03-23 18:50:04 Error: [MissingControllerException] Controller class FocosOfertasController could not be found.
#0 /opt/lampp/htdocs/practicas/webroot/index.php(98): Dispatcher->dispatch(Object(CakeRequest), Object(CakeResponse))
#1 {main}
2012-03-23 18:51:29 Error: [MissingControllerException] Controller class FocosOfertasController could not be found.
#0 /opt/lampp/htdocs/practicas/webroot/index.php(98): Dispatcher->dispatch(Object(CakeRequest), Object(CakeResponse))
#1 {main}
2012-03-23 19:48:15 Error: [MissingActionException] Action OfertasController::recientes() could not be found.
#0 /opt/cakes/2.0/lib/Cake/Routing/Dispatcher.php(104): Controller->invokeAction(Object(CakeRequest))
#1 /opt/cakes/2.0/lib/Cake/Routing/Dispatcher.php(86): Dispatcher->_invoke(Object(OfertasController), Object(CakeRequest), Object(CakeResponse))
#2 /opt/lampp/htdocs/practicas/webroot/index.php(98): Dispatcher->dispatch(Object(CakeRequest), Object(CakeResponse))
#3 {main}
2012-03-23 19:49:41 Error: [PDOException] SQLSTATE[42S22]: Column not found: 1054 Unknown column 'Ofertas.created' in 'order clause'
#0 /opt/cakes/2.0/lib/Cake/Model/Datasource/DboSource.php(436): PDOStatement->execute(Array)
#1 /opt/cakes/2.0/lib/Cake/Model/Datasource/DboSource.php(403): DboSource->_execute('SELECT `Oferta`...', Array)
#2 /opt/cakes/2.0/lib/Cake/Model/Datasource/DboSource.php(647): DboSource->execute('SELECT `Oferta`...', Array, Array)
#3 /opt/cakes/2.0/lib/Cake/Model/Datasource/DboSource.php(1040): DboSource->fetchAll('SELECT `Oferta`...', false)
#4 /opt/cakes/2.0/lib/Cake/Model/Model.php(2483): DboSource->read(Object(Oferta), Array)
#5 /opt/lampp/htdocs/practicas/Controller/OfertasController.php(110): Model->find('all', Array)
#6 [internal function]: OfertasController->ofertas_recientes()
#7 /opt/cakes/2.0/lib/Cake/Controller/Controller.php(473): ReflectionMethod->invokeArgs(Object(OfertasController), Array)
#8 /opt/cakes/2.0/lib/Cake/Routing/Dispatcher.php(104): Controller->invokeAction(Object(CakeRequest))
#9 /opt/cakes/2.0/lib/Cake/Routing/Dispatcher.php(86): Dispatcher->_invoke(Object(OfertasController), Object(CakeRequest), Object(CakeResponse))
#10 /opt/lampp/htdocs/practicas/webroot/index.php(98): Dispatcher->dispatch(Object(CakeRequest), Object(CakeResponse))
#11 {main}
2012-03-23 19:52:32 Error: [PDOException] SQLSTATE[42S22]: Column not found: 1054 Unknown column 'Ofertas.created' in 'order clause'
#0 /opt/cakes/2.0/lib/Cake/Model/Datasource/DboSource.php(436): PDOStatement->execute(Array)
#1 /opt/cakes/2.0/lib/Cake/Model/Datasource/DboSource.php(403): DboSource->_execute('SELECT `Oferta`...', Array)
#2 /opt/cakes/2.0/lib/Cake/Model/Datasource/DboSource.php(647): DboSource->execute('SELECT `Oferta`...', Array, Array)
#3 /opt/cakes/2.0/lib/Cake/Model/Datasource/DboSource.php(1040): DboSource->fetchAll('SELECT `Oferta`...', false)
#4 /opt/cakes/2.0/lib/Cake/Model/Model.php(2483): DboSource->read(Object(Oferta), Array)
#5 /opt/lampp/htdocs/practicas/Controller/OfertasController.php(110): Model->find('all', Array)
#6 [internal function]: OfertasController->ofertas_recientes()
#7 /opt/cakes/2.0/lib/Cake/Controller/Controller.php(473): ReflectionMethod->invokeArgs(Object(OfertasController), Array)
#8 /opt/cakes/2.0/lib/Cake/Routing/Dispatcher.php(104): Controller->invokeAction(Object(CakeRequest))
#9 /opt/cakes/2.0/lib/Cake/Routing/Dispatcher.php(86): Dispatcher->_invoke(Object(OfertasController), Object(CakeRequest), Object(CakeResponse))
#10 /opt/lampp/htdocs/practicas/webroot/index.php(98): Dispatcher->dispatch(Object(CakeRequest), Object(CakeResponse))
#11 {main}
2012-03-23 19:53:40 Error: [MissingViewException] View file "/opt/lampp/htdocs/practicas/View/Ofertas/ofertas_recientes.ctp" is missing.
#0 /opt/cakes/2.0/lib/Cake/View/View.php(360): View->_getViewFileName(NULL)
#1 /opt/cakes/2.0/lib/Cake/Controller/Controller.php(900): View->render(NULL, NULL)
#2 /opt/cakes/2.0/lib/Cake/Routing/Dispatcher.php(111): Controller->render()
#3 /opt/cakes/2.0/lib/Cake/Routing/Dispatcher.php(86): Dispatcher->_invoke(Object(OfertasController), Object(CakeRequest), Object(CakeResponse))
#4 /opt/lampp/htdocs/practicas/webroot/index.php(98): Dispatcher->dispatch(Object(CakeRequest), Object(CakeResponse))
#5 {main}
2012-03-23 19:55:57 Error: [MissingViewException] View file "/opt/lampp/htdocs/practicas/View/Ofertas/ofertas_recientes.ctp" is missing.
#0 /opt/cakes/2.0/lib/Cake/View/View.php(360): View->_getViewFileName(NULL)
#1 /opt/cakes/2.0/lib/Cake/Controller/Controller.php(900): View->render(NULL, NULL)
#2 /opt/cakes/2.0/lib/Cake/Routing/Dispatcher.php(111): Controller->render()
#3 /opt/cakes/2.0/lib/Cake/Routing/Dispatcher.php(86): Dispatcher->_invoke(Object(OfertasController), Object(CakeRequest), Object(CakeResponse))
#4 /opt/lampp/htdocs/practicas/webroot/index.php(98): Dispatcher->dispatch(Object(CakeRequest), Object(CakeResponse))
#5 {main}
2012-03-23 19:57:15 Error: [MissingViewException] View file "/opt/lampp/htdocs/practicas/View/Ofertas/ofertas_recientes.ctp" is missing.
#0 /opt/cakes/2.0/lib/Cake/View/View.php(360): View->_getViewFileName(NULL)
#1 /opt/cakes/2.0/lib/Cake/Controller/Controller.php(900): View->render(NULL, NULL)
#2 /opt/cakes/2.0/lib/Cake/Routing/Dispatcher.php(111): Controller->render()
#3 /opt/cakes/2.0/lib/Cake/Routing/Dispatcher.php(86): Dispatcher->_invoke(Object(OfertasController), Object(CakeRequest), Object(CakeResponse))
#4 /opt/lampp/htdocs/practicas/webroot/index.php(98): Dispatcher->dispatch(Object(CakeRequest), Object(CakeResponse))
#5 {main}
2012-03-24 18:30:40 Error: [NotFoundException] Invalid oferta
#0 [internal function]: OfertasController->edit()
#1 /opt/cakes/2.0/lib/Cake/Controller/Controller.php(473): ReflectionMethod->invokeArgs(Object(OfertasController), Array)
#2 /opt/cakes/2.0/lib/Cake/Routing/Dispatcher.php(104): Controller->invokeAction(Object(CakeRequest))
#3 /opt/cakes/2.0/lib/Cake/Routing/Dispatcher.php(86): Dispatcher->_invoke(Object(OfertasController), Object(CakeRequest), Object(CakeResponse))
#4 /opt/lampp/htdocs/practicas/webroot/index.php(98): Dispatcher->dispatch(Object(CakeRequest), Object(CakeResponse))
#5 {main}
2012-03-24 18:53:28 Error: [MissingViewException] View file "/opt/lampp/htdocs/practicas/View/Ofertas/ofertas_recientes.ctp" is missing.
#0 /opt/cakes/2.0/lib/Cake/View/View.php(360): View->_getViewFileName(NULL)
#1 /opt/cakes/2.0/lib/Cake/Controller/Controller.php(900): View->render(NULL, NULL)
#2 /opt/cakes/2.0/lib/Cake/Routing/Dispatcher.php(111): Controller->render()
#3 /opt/cakes/2.0/lib/Cake/Routing/Dispatcher.php(86): Dispatcher->_invoke(Object(OfertasController), Object(CakeRequest), Object(CakeResponse))
#4 /opt/lampp/htdocs/practicas/webroot/index.php(98): Dispatcher->dispatch(Object(CakeRequest), Object(CakeResponse))
#5 {main}
2012-03-24 19:36:48 Error: [PDOException] SQLSTATE[42S22]: Column not found: 1054 Unknown column 'oferta.created' in 'order clause'
#0 /opt/cakes/2.0/lib/Cake/Model/Datasource/DboSource.php(436): PDOStatement->execute(Array)
#1 /opt/cakes/2.0/lib/Cake/Model/Datasource/DboSource.php(403): DboSource->_execute('SELECT `Oferta`...', Array)
#2 /opt/cakes/2.0/lib/Cake/Model/Datasource/DboSource.php(647): DboSource->execute('SELECT `Oferta`...', Array, Array)
#3 /opt/cakes/2.0/lib/Cake/Model/Datasource/DboSource.php(1040): DboSource->fetchAll('SELECT `Oferta`...', false)
#4 /opt/cakes/2.0/lib/Cake/Model/Model.php(2483): DboSource->read(Object(Oferta), Array)
#5 /opt/lampp/htdocs/practicas/Controller/OfertasController.php(110): Model->find('all', Array)
#6 [internal function]: OfertasController->ofertas_recientes()
#7 /opt/cakes/2.0/lib/Cake/Controller/Controller.php(473): ReflectionMethod->invokeArgs(Object(OfertasController), Array)
#8 /opt/cakes/2.0/lib/Cake/Routing/Dispatcher.php(104): Controller->invokeAction(Object(CakeRequest))
#9 /opt/cakes/2.0/lib/Cake/Routing/Dispatcher.php(86): Dispatcher->_invoke(Object(OfertasController), Object(CakeRequest), Object(CakeResponse))
#10 /opt/lampp/htdocs/practicas/webroot/index.php(98): Dispatcher->dispatch(Object(CakeRequest), Object(CakeResponse))
#11 {main}
2012-03-24 19:44:00 Error: [MissingActionException] Action OfertasController::recientes() could not be found.
#0 /opt/cakes/2.0/lib/Cake/Routing/Dispatcher.php(104): Controller->invokeAction(Object(CakeRequest))
#1 /opt/cakes/2.0/lib/Cake/Routing/Dispatcher.php(86): Dispatcher->_invoke(Object(OfertasController), Object(CakeRequest), Object(CakeResponse))
#2 /opt/lampp/htdocs/practicas/webroot/index.php(98): Dispatcher->dispatch(Object(CakeRequest), Object(CakeResponse))
#3 {main}
2012-03-24 19:50:54 Error: [MissingControllerException] Controller class OfertasRecientesController could not be found.
#0 /opt/lampp/htdocs/practicas/webroot/index.php(98): Dispatcher->dispatch(Object(CakeRequest), Object(CakeResponse))
#1 {main}
2012-03-24 19:51:47 Error: [MissingControllerException] Controller class OfertasRecientesController could not be found.
#0 /opt/lampp/htdocs/practicas/webroot/index.php(98): Dispatcher->dispatch(Object(CakeRequest), Object(CakeResponse))
#1 {main}
